
  [32m[1mVITE[22m v8.1.3[39m  [2mready in [0m[1m285[22m[2m[0m ms[22m

  [32m➜[39m  [1mLocal[22m:   [36mhttp://127.0.0.1:[1m5173[22m/[39m
[2m3:01:04 pm[22m [36m[1m[vite][22m[39m [90m[2m(client)[22m[39m [optimizer] scanning dependencies...
[2m3:01:05 pm[22m [36m[1m[vite][22m[39m [90m[2m(client)[22m[39m [optimizer] bundling dependencies...

  [32m[1mVITE[22m v8.1.3[39m  [2mready in [0m[1m379[22m[2m[0m ms[22m

  [32m➜[39m  [1mLocal[22m:   [36mhttp://127.0.0.1:[1m5173[22m/[39m
[2m3:31:11 pm[22m [36m[1m[vite][22m[39m [90m[2m(client)[22m[39m Re-optimizing dependencies because vite config has changed

  [32m[1mVITE[22m v8.1.3[39m  [2mready in [0m[1m436[22m[2m[0m ms[22m

  [32m➜[39m  [1mLocal[22m:   [36mhttp://127.0.0.1:[1m5173[22m/[39m
[2m3:31:12 pm[22m [36m[1m[vite][22m[39m [90m[2m(client)[22m[39m [optimizer] scanning dependencies...
[2m3:31:14 pm[22m [36m[1m[vite][22m[39m [90m[2m(client)[22m[39m [optimizer] bundling dependencies...
[2m4:34:07 pm[22m [36m[1m[vite][22m[39m [90m[2m(client)[22m[39m Re-optimizing dependencies because vite config has changed

  [32m[1mVITE[22m v8.1.3[39m  [2mready in [0m[1m582[22m[2m[0m ms[22m

  [32m➜[39m  [1mLocal[22m:   [36mhttp://127.0.0.1:[1m5173[22m/[39m
[2m4:34:09 pm[22m [36m[1m[vite][22m[39m [90m[2m(client)[22m[39m [optimizer] scanning dependencies...

  [32m[1mVITE[22m v8.1.3[39m  [2mready in [0m[1m366[22m[2m[0m ms[22m

  [32m➜[39m  [1mLocal[22m:   [36mhttp://127.0.0.1:[1m5173[22m/[39m
[2m4:38:58 pm[22m [36m[1m[vite][22m[39m [90m[2m(client)[22m[39m [optimizer] scanning dependencies...
[2m4:38:59 pm[22m [36m[1m[vite][22m[39m [90m[2m(client)[22m[39m [optimizer] bundling dependencies...
[2m5:04:35 pm[22m [36m[1m[vite][22m[39m [90m[2m(client)[22m[39m Re-optimizing dependencies because vite config has changed

  [32m[1mVITE[22m v8.1.3[39m  [2mready in [0m[1m1266[22m[2m[0m ms[22m

  [32m➜[39m  [1mLocal[22m:   [36mhttp://127.0.0.1:[1m5173[22m/[39m
[2m5:04:37 pm[22m [36m[1m[vite][22m[39m [90m[2m(client)[22m[39m [optimizer] scanning dependencies...
[2m5:04:39 pm[22m [36m[1m[vite][22m[39m [90m[2m(client)[22m[39m [optimizer] bundling dependencies...
